Path cost: 66
(1, 3, 5, 2, 4, 6, 8, 10, 7, 9, 11, 13, -15, 12, 14, 16, -18, 20, 17, 19, 21, 23, 25, 22, 24, 26, 28, -30, -27, 29, 31, 33, 35, 32, 34, 36, 38, 40, 37, 39, 41, 43, -45, -42, -44, 46, 48, 50, 47, 49)
(-50, -48, -46, 44, 42, 45, -43, -41, -39, -37, -40, -38, -36, -34, -32, -35, -33, -31, -29, 27, 30, -28, -26, -24, -22, -25, -23, -21, -19, -17, -20, 18, -16, -14, -12, 15, -13, -11, -9, -7, -10, -8, -6, -4, -2, -5, -3, -1, 47, 49)
(-49, -47, 1, 3, 5, 2, 4, 6, 8, 10, 7, 9, 11, 13, -15, 12, 14, 16, -18, 20, 17, 19, 21, 23, 25, 22, 24, 26, 28, -30, -27, 29, 31, 33, 35, 32, 34, 36, 38, 40, 37, 39, 41, 43, -45, -42, -44, 46, 48, 50)
(-48, -46, 44, 42, 45, -43, -41, -39, -37, -40, -38, -36, -34, -32, -35, -33, -31, -29, 27, 30, -28, -26, -24, -22, -25, -23, -21, -19, -17, -20, 18, -16, -14, -12, 15, -13, -11, -9, -7, -10, -8, -6, -4, -2, -5, -3, -1, 47, 49, 50)
(-47, 1, 3, 5, 2, 4, 6, 8, 10, 7, 9, 11, 13, -15, 12, 14, 16, -18, 20, 17, 19, 21, 23, 25, 22, 24, 26, 28, -30, -27, 29, 31, 33, 35, 32, 34, 36, 38, 40, 37, 39, 41, 43, -45, -42, -44, 46, 48, 49, 50)
(-46, 44, 42, 45, -43, -41, -39, -37, -40, -38, -36, -34, -32, -35, -33, -31, -29, 27, 30, -28, -26, -24, -22, -25, -23, -21, -19, -17, -20, 18, -16, -14, -12, 15, -13, -11, -9, -7, -10, -8, -6, -4, -2, -5, -3, -1, 47, 48, 49, 50)
(1, 3, 5, 2, 4, 6, 8, 10, 7, 9, 11, 13, -15, 12, 14, 16, -18, 20, 17, 19, 21, 23, 25, 22, 24, 26, 28, -30, -27, 29, 31, 33, 35, 32, 34, 36, 38, 40, 37, 39, 41, 43, -45, -42, -44, 46, 47, 48, 49, 50)
(-5, -3, -1, 2, 4, 6, 8, 10, 7, 9, 11, 13, -15, 12, 14, 16, -18, 20, 17, 19, 21, 23, 25, 22, 24, 26, 28, -30, -27, 29, 31, 33, 35, 32, 34, 36, 38, 40, 37, 39, 41, 43, -45, -42, -44, 46, 47, 48, 49, 50)
(-4, -2, 1, 3, 5, 6, 8, 10, 7, 9, 11, 13, -15, 12, 14, 16, -18, 20, 17, 19, 21, 23, 25, 22, 24, 26, 28, -30, -27, 29, 31, 33, 35, 32, 34, 36, 38, 40, 37, 39, 41, 43, -45, -42, -44, 46, 47, 48, 49, 50)
(-3, -1, 2, 4, 5, 6, 8, 10, 7, 9, 11, 13, -15, 12, 14, 16, -18, 20, 17, 19, 21, 23, 25, 22, 24, 26, 28, -30, -27, 29, 31, 33, 35, 32, 34, 36, 38, 40, 37, 39, 41, 43, -45, -42, -44, 46, 47, 48, 49, 50)
(-2, 1, 3, 4, 5, 6, 8, 10, 7, 9, 11, 13, -15, 12, 14, 16, -18, 20, 17, 19, 21, 23, 25, 22, 24, 26, 28, -30, -27, 29, 31, 33, 35, 32, 34, 36, 38, 40, 37, 39, 41, 43, -45, -42, -44, 46, 47, 48, 49, 50)
(-1, 2, 3, 4, 5, 6, 8, 10, 7, 9, 11, 13, -15, 12, 14, 16, -18, 20, 17, 19, 21, 23, 25, 22, 24, 26, 28, -30, -27, 29, 31, 33, 35, 32, 34, 36, 38, 40, 37, 39, 41, 43, -45, -42, -44, 46, 47, 48, 49, 50)
(1, 2, 3, 4, 5, 6, 8, 10, 7, 9, 11, 13, -15, 12, 14, 16, -18, 20, 17, 19, 21, 23, 25, 22, 24, 26, 28, -30, -27, 29, 31, 33, 35, 32, 34, 36, 38, 40, 37, 39, 41, 43, -45, -42, -44, 46, 47, 48, 49, 50)
(44, 42, 45, -43, -41, -39, -37, -40, -38, -36, -34, -32, -35, -33, -31, -29, 27, 30, -28, -26, -24, -22, -25, -23, -21, -19, -17, -20, 18, -16, -14, -12, 15, -13, -11, -9, -7, -10, -8, -6, -5, -4, -3, -2, -1, 46, 47, 48, 49, 50)
(-45, -42, -44, -43, -41, -39, -37, -40, -38, -36, -34, -32, -35, -33, -31, -29, 27, 30, -28, -26, -24, -22, -25, -23, -21, -19, -17, -20, 18, -16, -14, -12, 15, -13, -11, -9, -7, -10, -8, -6, -5, -4, -3, -2, -1, 46, 47, 48, 49, 50)
(1, 2, 3, 4, 5, 6, 8, 10, 7, 9, 11, 13, -15, 12, 14, 16, -18, 20, 17, 19, 21, 23, 25, 22, 24, 26, 28, -30, -27, 29, 31, 33, 35, 32, 34, 36, 38, 40, 37, 39, 41, 43, 44, 42, 45, 46, 47, 48, 49, 50)
(-44, -43, -41, -39, -37, -40, -38, -36, -34, -32, -35, -33, -31, -29, 27, 30, -28, -26, -24, -22, -25, -23, -21, -19, -17, -20, 18, -16, -14, -12, 15, -13, -11, -9, -7, -10, -8, -6, -5, -4, -3, -2, -1, 42, 45, 46, 47, 48, 49, 50)
(-42, 1, 2, 3, 4, 5, 6, 8, 10, 7, 9, 11, 13, -15, 12, 14, 16, -18, 20, 17, 19, 21, 23, 25, 22, 24, 26, 28, -30, -27, 29, 31, 33, 35, 32, 34, 36, 38, 40, 37, 39, 41, 43, 44, 45, 46, 47, 48, 49, 50)
(-41, -39, -37, -40, -38, -36, -34, -32, -35, -33, -31, -29, 27, 30, -28, -26, -24, -22, -25, -23, -21, -19, -17, -20, 18, -16, -14, -12, 15, -13, -11, -9, -7, -10, -8, -6, -5, -4, -3, -2, -1, 42, 43, 44, 45, 46, 47, 48, 49, 50)
(1, 2, 3, 4, 5, 6, 8, 10, 7, 9, 11, 13, -15, 12, 14, 16, -18, 20, 17, 19, 21, 23, 25, 22, 24, 26, 28, -30, -27, 29, 31, 33, 35, 32, 34, 36, 38, 40, 37, 39, 41, 42, 43, 44, 45, 46, 47, 48, 49, 50)
(-40, -38, -36, -34, -32, -35, -33, -31, -29, 27, 30, -28, -26, -24, -22, -25, -23, -21, -19, -17, -20, 18, -16, -14, -12, 15, -13, -11, -9, -7, -10, -8, -6, -5, -4, -3, -2, -1, 37, 39, 41, 42, 43, 44, 45, 46, 47, 48, 49, 50)
(-39, -37, 1, 2, 3, 4, 5, 6, 8, 10, 7, 9, 11, 13, -15, 12, 14, 16, -18, 20, 17, 19, 21, 23, 25, 22, 24, 26, 28, -30, -27, 29, 31, 33, 35, 32, 34, 36, 38, 40, 41, 42, 43, 44, 45, 46, 47, 48, 49, 50)
(-38, -36, -34, -32, -35, -33, -31, -29, 27, 30, -28, -26, -24, -22, -25, -23, -21, -19, -17, -20, 18, -16, -14, -12, 15, -13, -11, -9, -7, -10, -8, -6, -5, -4, -3, -2, -1, 37, 39, 40, 41, 42, 43, 44, 45, 46, 47, 48, 49, 50)
(-37, 1, 2, 3, 4, 5, 6, 8, 10, 7, 9, 11, 13, -15, 12, 14, 16, -18, 20, 17, 19, 21, 23, 25, 22, 24, 26, 28, -30, -27, 29, 31, 33, 35, 32, 34, 36, 38, 39, 40, 41, 42, 43, 44, 45, 46, 47, 48, 49, 50)
(-36, -34, -32, -35, -33, -31, -29, 27, 30, -28, -26, -24, -22, -25, -23, -21, -19, -17, -20, 18, -16, -14, -12, 15, -13, -11, -9, -7, -10, -8, -6, -5, -4, -3, -2, -1, 37, 38, 39, 40, 41, 42, 43, 44, 45, 46, 47, 48, 49, 50)
(1, 2, 3, 4, 5, 6, 8, 10, 7, 9, 11, 13, -15, 12, 14, 16, -18, 20, 17, 19, 21, 23, 25, 22, 24, 26, 28, -30, -27, 29, 31, 33, 35, 32, 34, 36, 37, 38, 39, 40, 41, 42, 43, 44, 45, 46, 47, 48, 49, 50)
(-34, -32, -35, -33, -31, -29, 27, 30, -28, -26, -24, -22, -25, -23, -21, -19, -17, -20, 18, -16, -14, -12, 15, -13, -11, -9, -7, -10, -8, -6, -5, -4, -3, -2, -1, 36, 37, 38, 39, 40, 41, 42, 43, 44, 45, 46, 47, 48, 49, 50)
(32, 34, -35, -33, -31, -29, 27, 30, -28, -26, -24, -22, -25, -23, -21, -19, -17, -20, 18, -16, -14, -12, 15, -13, -11, -9, -7, -10, -8, -6, -5, -4, -3, -2, -1, 36, 37, 38, 39, 40, 41, 42, 43, 44, 45, 46, 47, 48, 49, 50)
(33, 35, -34, -32, -31, -29, 27, 30, -28, -26, -24, -22, -25, -23, -21, -19, -17, -20, 18, -16, -14, -12, 15, -13, -11, -9, -7, -10, -8, -6, -5, -4, -3, -2, -1, 36, 37, 38, 39, 40, 41, 42, 43, 44, 45, 46, 47, 48, 49, 50)
(34, -35, -33, -32, -31, -29, 27, 30, -28, -26, -24, -22, -25, -23, -21, -19, -17, -20, 18, -16, -14, -12, 15, -13, -11, -9, -7, -10, -8, -6, -5, -4, -3, -2, -1, 36, 37, 38, 39, 40, 41, 42, 43, 44, 45, 46, 47, 48, 49, 50)
(35, -34, -33, -32, -31, -29, 27, 30, -28, -26, -24, -22, -25, -23, -21, -19, -17, -20, 18, -16, -14, -12, 15, -13, -11, -9, -7, -10, -8, -6, -5, -4, -3, -2, -1, 36, 37, 38, 39, 40, 41, 42, 43, 44, 45, 46, 47, 48, 49, 50)
(-35, -34, -33, -32, -31, -29, 27, 30, -28, -26, -24, -22, -25, -23, -21, -19, -17, -20, 18, -16, -14, -12, 15, -13, -11, -9, -7, -10, -8, -6, -5, -4, -3, -2, -1, 36, 37, 38, 39, 40, 41, 42, 43, 44, 45, 46, 47, 48, 49, 50)
(1, 2, 3, 4, 5, 6, 8, 10, 7, 9, 11, 13, -15, 12, 14, 16, -18, 20, 17, 19, 21, 23, 25, 22, 24, 26, 28, -30, -27, 29, 31, 32, 33, 34, 35, 36, 37, 38, 39, 40, 41, 42, 43, 44, 45, 46, 47, 48, 49, 50)
(-29, 27, 30, -28, -26, -24, -22, -25, -23, -21, -19, -17, -20, 18, -16, -14, -12, 15, -13, -11, -9, -7, -10, -8, -6, -5, -4, -3, -2, -1, 31, 32, 33, 34, 35, 36, 37, 38, 39, 40, 41, 42, 43, 44, 45, 46, 47, 48, 49, 50)
(-27, 29, 30, -28, -26, -24, -22, -25, -23, -21, -19, -17, -20, 18, -16, -14, -12, 15, -13, -11, -9, -7, -10, -8, -6, -5, -4, -3, -2, -1, 31, 32, 33, 34, 35, 36, 37, 38, 39, 40, 41, 42, 43, 44, 45, 46, 47, 48, 49, 50)
(7, 9, 11, 13, -15, 12, 14, 16, -18, 20, 17, 19, 21, 23, 25, 22, 24, 26, 28, -30, -29, 27, -10, -8, -6, -5, -4, -3, -2, -1, 31, 32, 33, 34, 35, 36, 37, 38, 39, 40, 41, 42, 43, 44, 45, 46, 47, 48, 49, 50)
(8, 10, -27, 29, 30, -28, -26, -24, -22, -25, -23, -21, -19, -17, -20, 18, -16, -14, -12, 15, -13, -11, -9, -7, -6, -5, -4, -3, -2, -1, 31, 32, 33, 34, 35, 36, 37, 38, 39, 40, 41, 42, 43, 44, 45, 46, 47, 48, 49, 50)
(9, 11, 13, -15, 12, 14, 16, -18, 20, 17, 19, 21, 23, 25, 22, 24, 26, 28, -30, -29, 27, -10, -8, -7, -6, -5, -4, -3, -2, -1, 31, 32, 33, 34, 35, 36, 37, 38, 39, 40, 41, 42, 43, 44, 45, 46, 47, 48, 49, 50)
(10, -27, 29, 30, -28, -26, -24, -22, -25, -23, -21, -19, -17, -20, 18, -16, -14, -12, 15, -13, -11, -9, -8, -7, -6, -5, -4, -3, -2, -1, 31, 32, 33, 34, 35, 36, 37, 38, 39, 40, 41, 42, 43, 44, 45, 46, 47, 48, 49, 50)
(11, 13, -15, 12, 14, 16, -18, 20, 17, 19, 21, 23, 25, 22, 24, 26, 28, -30, -29, 27, -10, -9, -8, -7, -6, -5, -4, -3, -2, -1, 31, 32, 33, 34, 35, 36, 37, 38, 39, 40, 41, 42, 43, 44, 45, 46, 47, 48, 49, 50)
(-27, 29, 30, -28, -26, -24, -22, -25, -23, -21, -19, -17, -20, 18, -16, -14, -12, 15, -13, -11, -10, -9, -8, -7, -6, -5, -4, -3, -2, -1, 31, 32, 33, 34, 35, 36, 37, 38, 39, 40, 41, 42, 43, 44, 45, 46, 47, 48, 49, 50)
(-15, 12, 14, 16, -18, 20, 17, 19, 21, 23, 25, 22, 24, 26, 28, -30, -29, 27, -13, -11, -10, -9, -8, -7, -6, -5, -4, -3, -2, -1, 31, 32, 33, 34, 35, 36, 37, 38, 39, 40, 41, 42, 43, 44, 45, 46, 47, 48, 49, 50)
(-14, -12, 15, 16, -18, 20, 17, 19, 21, 23, 25, 22, 24, 26, 28, -30, -29, 27, -13, -11, -10, -9, -8, -7, -6, -5, -4, -3, -2, -1, 31, 32, 33, 34, 35, 36, 37, 38, 39, 40, 41, 42, 43, 44, 45, 46, 47, 48, 49, 50)
(12, 14, 15, 16, -18, 20, 17, 19, 21, 23, 25, 22, 24, 26, 28, -30, -29, 27, -13, -11, -10, -9, -8, -7, -6, -5, -4, -3, -2, -1, 31, 32, 33, 34, 35, 36, 37, 38, 39, 40, 41, 42, 43, 44, 45, 46, 47, 48, 49, 50)
(13, -27, 29, 30, -28, -26, -24, -22, -25, -23, -21, -19, -17, -20, 18, -16, -15, -14, -12, -11, -10, -9, -8, -7, -6, -5, -4, -3, -2, -1, 31, 32, 33, 34, 35, 36, 37, 38, 39, 40, 41, 42, 43, 44, 45, 46, 47, 48, 49, 50)
(14, 15, 16, -18, 20, 17, 19, 21, 23, 25, 22, 24, 26, 28, -30, -29, 27, -13, -12, -11, -10, -9, -8, -7, -6, -5, -4, -3, -2, -1, 31, 32, 33, 34, 35, 36, 37, 38, 39, 40, 41, 42, 43, 44, 45, 46, 47, 48, 49, 50)
(-27, 29, 30, -28, -26, -24, -22, -25, -23, -21, -19, -17, -20, 18, -16, -15, -14, -13, -12, -11, -10, -9, -8, -7, -6, -5, -4, -3, -2, -1, 31, 32, 33, 34, 35, 36, 37, 38, 39, 40, 41, 42, 43, 44, 45, 46, 47, 48, 49, 50)
(-18, 20, 17, 19, 21, 23, 25, 22, 24, 26, 28, -30, -29, 27, -16, -15, -14, -13, -12, -11, -10, -9, -8, -7, -6, -5, -4, -3, -2, -1, 31, 32, 33, 34, 35, 36, 37, 38, 39, 40, 41, 42, 43, 44, 45, 46, 47, 48, 49, 50)
(-17, -20, 18, 19, 21, 23, 25, 22, 24, 26, 28, -30, -29, 27, -16, -15, -14, -13, -12, -11, -10, -9, -8, -7, -6, -5, -4, -3, -2, -1, 31, 32, 33, 34, 35, 36, 37, 38, 39, 40, 41, 42, 43, 44, 45, 46, 47, 48, 49, 50)
(20, 17, 18, 19, 21, 23, 25, 22, 24, 26, 28, -30, -29, 27, -16, -15, -14, -13, -12, -11, -10, -9, -8, -7, -6, -5, -4, -3, -2, -1, 31, 32, 33, 34, 35, 36, 37, 38, 39, 40, 41, 42, 43, 44, 45, 46, 47, 48, 49, 50)
(29, 30, -28, -26, -24, -22, -25, -23, -21, -19, -18, -17, -20, 27, -16, -15, -14, -13, -12, -11, -10, -9, -8, -7, -6, -5, -4, -3, -2, -1, 31, 32, 33, 34, 35, 36, 37, 38, 39, 40, 41, 42, 43, 44, 45, 46, 47, 48, 49, 50)
(-30, -29, -28, -26, -24, -22, -25, -23, -21, -19, -18, -17, -20, 27, -16, -15, -14, -13, -12, -11, -10, -9, -8, -7, -6, -5, -4, -3, -2, -1, 31, 32, 33, 34, 35, 36, 37, 38, 39, 40, 41, 42, 43, 44, 45, 46, 47, 48, 49, 50)
(1, 2, 3, 4, 5, 6, 7, 8, 9, 10, 11, 12, 13, 14, 15, 16, -27, 20, 17, 18, 19, 21, 23, 25, 22, 24, 26, 28, 29, 30, 31, 32, 33, 34, 35, 36, 37, 38, 39, 40, 41, 42, 43, 44, 45, 46, 47, 48, 49, 50)
(-26, -24, -22, -25, -23, -21, -19, -18, -17, -20, 27, -16, -15, -14, -13, -12, -11, -10, -9, -8, -7, -6, -5, -4, -3, -2, -1, 28, 29, 30, 31, 32, 33, 34, 35, 36, 37, 38, 39, 40, 41, 42, 43, 44, 45, 46, 47, 48, 49, 50)
(20, 17, 18, 19, 21, 23, 25, 22, 24, 26, 27, -16, -15, -14, -13, -12, -11, -10, -9, -8, -7, -6, -5, -4, -3, -2, -1, 28, 29, 30, 31, 32, 33, 34, 35, 36, 37, 38, 39, 40, 41, 42, 43, 44, 45, 46, 47, 48, 49, 50)
(-27, -26, -24, -22, -25, -23, -21, -19, -18, -17, -20, -16, -15, -14, -13, -12, -11, -10, -9, -8, -7, -6, -5, -4, -3, -2, -1, 28, 29, 30, 31, 32, 33, 34, 35, 36, 37, 38, 39, 40, 41, 42, 43, 44, 45, 46, 47, 48, 49, 50)
(1, 2, 3, 4, 5, 6, 7, 8, 9, 10, 11, 12, 13, 14, 15, 16, 20, 17, 18, 19, 21, 23, 25, 22, 24, 26, 27, 28, 29, 30, 31, 32, 33, 34, 35, 36, 37, 38, 39, 40, 41, 42, 43, 44, 45, 46, 47, 48, 49, 50)
(-25, -23, -21, -19, -18, -17, -20, -16, -15, -14, -13, -12, -11, -10, -9, -8, -7, -6, -5, -4, -3, -2, -1, 22, 24, 26, 27, 28, 29, 30, 31, 32, 33, 34, 35, 36, 37, 38, 39, 40, 41, 42, 43, 44, 45, 46, 47, 48, 49, 50)
(-24, -22, 1, 2, 3, 4, 5, 6, 7, 8, 9, 10, 11, 12, 13, 14, 15, 16, 20, 17, 18, 19, 21, 23, 25, 26, 27, 28, 29, 30, 31, 32, 33, 34, 35, 36, 37, 38, 39, 40, 41, 42, 43, 44, 45, 46, 47, 48, 49, 50)
(-23, -21, -19, -18, -17, -20, -16, -15, -14, -13, -12, -11, -10, -9, -8, -7, -6, -5, -4, -3, -2, -1, 22, 24, 25, 26, 27, 28, 29, 30, 31, 32, 33, 34, 35, 36, 37, 38, 39, 40, 41, 42, 43, 44, 45, 46, 47, 48, 49, 50)
(-22, 1, 2, 3, 4, 5, 6, 7, 8, 9, 10, 11, 12, 13, 14, 15, 16, 20, 17, 18, 19, 21, 23, 24, 25, 26, 27, 28, 29, 30, 31, 32, 33, 34, 35, 36, 37, 38, 39, 40, 41, 42, 43, 44, 45, 46, 47, 48, 49, 50)
(-21, -19, -18, -17, -20, -16, -15, -14, -13, -12, -11, -10, -9, -8, -7, -6, -5, -4, -3, -2, -1, 22, 23, 24, 25, 26, 27, 28, 29, 30, 31, 32, 33, 34, 35, 36, 37, 38, 39, 40, 41, 42, 43, 44, 45, 46, 47, 48, 49, 50)
(1, 2, 3, 4, 5, 6, 7, 8, 9, 10, 11, 12, 13, 14, 15, 16, 20, 17, 18, 19, 21, 22, 23, 24, 25, 26, 27, 28, 29, 30, 31, 32, 33, 34, 35, 36, 37, 38, 39, 40, 41, 42, 43, 44, 45, 46, 47, 48, 49, 50)
(-20, -16, -15, -14, -13, -12, -11, -10, -9, -8, -7, -6, -5, -4, -3, -2, -1, 17, 18, 19, 21, 22, 23, 24, 25, 26, 27, 28, 29, 30, 31, 32, 33, 34, 35, 36, 37, 38, 39, 40, 41, 42, 43, 44, 45, 46, 47, 48, 49, 50)
(-19, -18, -17, 1, 2, 3, 4, 5, 6, 7, 8, 9, 10, 11, 12, 13, 14, 15, 16, 20, 21, 22, 23, 24, 25, 26, 27, 28, 29, 30, 31, 32, 33, 34, 35, 36, 37, 38, 39, 40, 41, 42, 43, 44, 45, 46, 47, 48, 49, 50)
(-16, -15, -14, -13, -12, -11, -10, -9, -8, -7, -6, -5, -4, -3, -2, -1, 17, 18, 19, 20, 21, 22, 23, 24, 25, 26, 27, 28, 29, 30, 31, 32, 33, 34, 35, 36, 37, 38, 39, 40, 41, 42, 43, 44, 45, 46, 47, 48, 49, 50)
(1, 2, 3, 4, 5, 6, 7, 8, 9, 10, 11, 12, 13, 14, 15, 16, 17, 18, 19, 20, 21, 22, 23, 24, 25, 26, 27, 28, 29, 30, 31, 32, 33, 34, 35, 36, 37, 38, 39, 40, 41, 42, 43, 44, 45, 46, 47, 48, 49, 50)
The total number of nodes created: 4166.
The biggest size of the frontier list grew to: 4082.
The biggest size of the explored list grew to: 85.
