Path cost: 25
(-1, -11, -3, -6, -9, -4, -7, -10, -5, -8, -2)
(9, 6, 3, 11, 1, -4, -7, -10, -5, -8, -2)
(5, 10, 7, 4, -1, -11, -3, -6, -9, -8, -2)
(3, 11, 1, -4, -7, -10, -5, -6, -9, -8, -2)
(8, 9, 6, 5, 10, 7, 4, -1, -11, -3, -2)
(11, 1, -4, -7, -10, -5, -6, -9, -8, -3, -2)
(7, 4, -1, -11, -10, -5, -6, -9, -8, -3, -2)
(6, 5, 10, 11, 1, -4, -7, -9, -8, -3, -2)
(4, -1, -11, -10, -5, -6, -7, -9, -8, -3, -2)
(10, 11, 1, -4, -5, -6, -7, -9, -8, -3, -2)
(7, 6, 5, 4, -1, -11, -10, -9, -8, -3, -2)
(8, 9, 10, 11, 1, -4, -5, -6, -7, -3, -2)
(2, 3, 7, 6, 5, 4, -1, -11, -10, -9, -8)
(-4, -5, -6, -7, -3, -2, -1, -11, -10, -9, -8)
(8, 9, 10, 11, 1, 2, 3, 7, 6, 5, 4)
(-11, -10, -9, -8, 1, 2, 3, 7, 6, 5, 4)
(-4, -5, -6, -7, -3, -2, -1, 8, 9, 10, 11)
(1, 2, 3, 7, 6, 5, 4, 8, 9, 10, 11)
(-3, -2, -1, 7, 6, 5, 4, 8, 9, 10, 11)
(-5, -6, -7, 1, 2, 3, 4, 8, 9, 10, 11)
(-4, -3, -2, -1, 7, 6, 5, 8, 9, 10, 11)
(-6, -7, 1, 2, 3, 4, 5, 8, 9, 10, 11)
(-5, -4, -3, -2, -1, 7, 6, 8, 9, 10, 11)
(-7, 1, 2, 3, 4, 5, 6, 8, 9, 10, 11)
(-6, -5, -4, -3, -2, -1, 7, 8, 9, 10, 11)
(1, 2, 3, 4, 5, 6, 7, 8, 9, 10, 11)
The total number of nodes created: 797.
The biggest size of the frontier list grew to: 718.
The biggest size of the explored list grew to: 80.
