Path cost: 15
(-1, -11, -3, -6, -9, -4, -7, -10, -5, -8, -2)
(6, 3, 11, 1, -9, -4, -7, -10, -5, -8, -2)
(10, 7, 4, 9, -1, -11, -3, -6, -5, -8, -2)
(11, 1, -9, -4, -7, -10, -3, -6, -5, -8, -2)
(7, 4, 9, -1, -11, -10, -3, -6, -5, -8, -2)
(3, 10, 11, 1, -9, -4, -7, -6, -5, -8, -2)
(-11, -10, -3, 1, -9, -4, -7, -6, -5, -8, -2)
(2, 8, 5, 6, 7, 4, 9, -1, 3, 10, 11)
(-9, -4, -7, -6, -5, -8, -2, -1, 3, 10, 11)
(-3, 1, 2, 8, 5, 6, 7, 4, 9, 10, 11)
(-7, -6, -5, -8, -2, -1, 3, 4, 9, 10, 11)
(-4, -3, 1, 2, 8, 5, 6, 7, 9, 10, 11)
(-8, -2, -1, 3, 4, 5, 6, 7, 9, 10, 11)
(-7, -6, -5, -4, -3, 1, 2, 8, 9, 10, 11)
(-2, -1, 3, 4, 5, 6, 7, 8, 9, 10, 11)
(1, 2, 3, 4, 5, 6, 7, 8, 9, 10, 11)
The total number of nodes created: 889870.
The biggest size of the frontier list grew to: 797457.
The biggest size of the explored list grew to: 92414.
